<?xml version="1.0" encoding="UTF-8"?>
<!-- Generated by org.testng.reporters.JUnitXMLReporter -->
<testsuite ignored="2" hostname="DESKTOP-L4533E7" failures="0" tests="1" name="Default test(failed)" time="45.67" errors="0" timestamp="2022-03-08T04:31:34 PST">
  <testcase classname="EMB.Vendor" name="create" time="13.282"/>
  <testcase classname="EMB.Vendor" name="org" time="0.0">
    <ignored/>
  </testcase> <!-- org -->
  <testcase classname="EMB.Vendor" name="individual" time="0.0">
    <ignored/>
  </testcase> <!-- individual -->
</testsuite> <!-- Default test(failed) -->
